<?xml version="1.0" encoding="UTF-8"?>
<coverage generated="1659447482563" clover="3.2.0">
  <project timestamp="1659447482563" name="All files">
    <metrics statements="30" coveredstatements="24" conditionals="3" coveredconditionals="1" methods="9" coveredmethods="4" elements="42" coveredelements="29" complexity="0" loc="30" ncloc="30" packages="2" files="2" classes="2"/>
    <package name="db-init">
      <metrics statements="19" coveredstatements="15" conditionals="2" coveredconditionals="0" methods="7" coveredmethods="4"/>
      <file name="dbConn.ts" path="C:\headstrait\AQSUS\aqsus-dev-practice\src\db-init\dbConn.ts">
        <metrics statements="19" coveredstatements="15" conditionals="2" coveredconditionals="0" methods="7" coveredmethods="4"/>
        <line num="1" count="1" type="stmt"/>
        <line num="2" count="1" type="stmt"/>
        <line num="3" count="1" type="stmt"/>
        <line num="4" count="1" type="stmt"/>
        <line num="8" count="1" type="stmt"/>
        <line num="9" count="1" type="stmt"/>
        <line num="11" count="1" type="cond" truecount="0" falsecount="1"/>
        <line num="12" count="0" type="stmt"/>
        <line num="15" count="1" type="stmt"/>
        <line num="16" count="1" type="stmt"/>
        <line num="17" count="1" type="stmt"/>
        <line num="18" count="0" type="stmt"/>
        <line num="20" count="1" type="stmt"/>
        <line num="21" count="0" type="stmt"/>
        <line num="27" count="1" type="stmt"/>
        <line num="28" count="1" type="cond" truecount="0" falsecount="1"/>
        <line num="29" count="0" type="stmt"/>
        <line num="32" count="1" type="stmt"/>
        <line num="33" count="1" type="stmt"/>
      </file>
    </package>
    <package name="utils">
      <metrics statements="11" coveredstatements="9" conditionals="1" coveredconditionals="1" methods="2" coveredmethods="0"/>
      <file name="logger.ts" path="C:\headstrait\AQSUS\aqsus-dev-practice\src\utils\logger.ts">
        <metrics statements="11" coveredstatements="9" conditionals="1" coveredconditionals="1" methods="2" coveredmethods="0"/>
        <line num="15" count="1" type="stmt"/>
        <line num="18" count="1" type="stmt"/>
        <line num="21" count="1" type="stmt"/>
        <line num="22" count="0" type="stmt"/>
        <line num="24" count="1" type="stmt"/>
        <line num="25" count="0" type="stmt"/>
        <line num="29" count="1" type="stmt"/>
        <line num="49" count="1" type="cond" truecount="1" falsecount="0"/>
        <line num="50" count="1" type="stmt"/>
        <line num="59" count="1" type="stmt"/>
        <line num="71" count="1" type="stmt"/>
      </file>
    </package>
  </project>
</coverage>
