{"C:\\headstrait\\AQSUS\\aqsus-dev-practice\\src\\db-init\\dbConn.ts": {"path":"C:\\headstrait\\AQSUS\\aqsus-dev-practice\\src\\db-init\\dbConn.ts","statementMap":{"0":{"start":{"line":1,"column":0},"end":{"line":1,"column":32}},"1":{"start":{"line":2,"column":0},"end":{"line":2,"column":28}},"2":{"start":{"line":3,"column":0},"end":{"line":3,"column":37}},"3":{"start":{"line":4,"column":25},"end":{"line":4,"column":54}},"4":{"start":{"line":8,"column":32},"end":{"line":25,"column":2}},"5":{"start":{"line":8,"column":43},"end":{"line":25,"column":2}},"6":{"start":{"line":9,"column":14},"end":{"line":9,"column":47}},"7":{"start":{"line":11,"column":2},"end":{"line":13,"column":null}},"8":{"start":{"line":12,"column":4},"end":{"line":12,"column":11}},"9":{"start":{"line":15,"column":2},"end":{"line":15,"column":30}},"10":{"start":{"line":16,"column":2},"end":{"line":16,"column":33}},"11":{"start":{"line":17,"column":2},"end":{"line":19,"column":5}},"12":{"start":{"line":17,"column":35},"end":{"line":19,"column":4}},"13":{"start":{"line":18,"column":4},"end":{"line":18,"column":41}},"14":{"start":{"line":20,"column":2},"end":{"line":24,"column":5}},"15":{"start":{"line":21,"column":4},"end":{"line":23,"column":6}},"16":{"start":{"line":8,"column":13},"end":{"line":8,"column":32}},"17":{"start":{"line":27,"column":26},"end":{"line":34,"column":2}},"18":{"start":{"line":27,"column":37},"end":{"line":34,"column":2}},"19":{"start":{"line":28,"column":2},"end":{"line":30,"column":null}},"20":{"start":{"line":29,"column":4},"end":{"line":29,"column":11}},"21":{"start":{"line":32,"column":2},"end":{"line":32,"column":30}},"22":{"start":{"line":33,"column":2},"end":{"line":33,"column":30}},"23":{"start":{"line":27,"column":13},"end":{"line":27,"column":26}}},"fnMap":{"0":{"name":"(anonymous_8)","decl":{"start":{"line":8,"column":32},"end":{"line":8,"column":41}},"loc":{"start":{"line":8,"column":43},"end":{"line":25,"column":2}}},"1":{"name":"(anonymous_9)","decl":{"start":{"line":8,"column":43},"end":{"line":8,"column":null}},"loc":{"start":{"line":8,"column":43},"end":{"line":25,"column":1}}},"2":{"name":"(anonymous_10)","decl":{"start":{"line":17,"column":24},"end":{"line":17,"column":33}},"loc":{"start":{"line":17,"column":35},"end":{"line":19,"column":4}}},"3":{"name":"(anonymous_11)","decl":{"start":{"line":17,"column":35},"end":{"line":17,"column":null}},"loc":{"start":{"line":17,"column":35},"end":{"line":19,"column":3}}},"4":{"name":"(anonymous_12)","decl":{"start":{"line":20,"column":23},"end":{"line":20,"column":24}},"loc":{"start":{"line":20,"column":33},"end":{"line":24,"column":3}}},"5":{"name":"(anonymous_13)","decl":{"start":{"line":27,"column":26},"end":{"line":27,"column":35}},"loc":{"start":{"line":27,"column":37},"end":{"line":34,"column":2}}},"6":{"name":"(anonymous_14)","decl":{"start":{"line":27,"column":37},"end":{"line":27,"column":null}},"loc":{"start":{"line":27,"column":37},"end":{"line":34,"column":1}}}},"branchMap":{"0":{"loc":{"start":{"line":11,"column":2},"end":{"line":13,"column":null}},"type":"if","locations":[{"start":{"line":11,"column":2},"end":{"line":13,"column":null}}]},"1":{"loc":{"start":{"line":28,"column":2},"end":{"line":30,"column":null}},"type":"if","locations":[{"start":{"line":28,"column":2},"end":{"line":30,"column":null}}]}},"s":{"0":1,"1":1,"2":1,"3":1,"4":1,"5":1,"6":1,"7":1,"8":0,"9":1,"10":1,"11":1,"12":0,"13":0,"14":1,"15":0,"16":1,"17":1,"18":1,"19":1,"20":0,"21":1,"22":1,"23":1},"f":{"0":1,"1":1,"2":0,"3":0,"4":0,"5":1,"6":1},"b":{"0":[0],"1":[0]}}
,"C:\\headstrait\\AQSUS\\aqsus-dev-practice\\src\\utils\\logger.ts": {"path":"C:\\headstrait\\AQSUS\\aqsus-dev-practice\\src\\utils\\logger.ts","statementMap":{"0":{"start":{"line":15,"column":1},"end":{"line":15,"column":31}},"1":{"start":{"line":18,"column":47},"end":{"line":18,"column":61}},"2":{"start":{"line":21,"column":22},"end":{"line":23,"column":3}},"3":{"start":{"line":22,"column":3},"end":{"line":22,"column":74}},"4":{"start":{"line":24,"column":20},"end":{"line":26,"column":3}},"5":{"start":{"line":25,"column":3},"end":{"line":25,"column":60}},"6":{"start":{"line":29,"column":16},"end":{"line":46,"column":3}},"7":{"start":{"line":49,"column":1},"end":{"line":56,"column":null}},"8":{"start":{"line":50,"column":3},"end":{"line":55,"column":5}},"9":{"start":{"line":59,"column":14},"end":{"line":69,"column":4}},"10":{"start":{"line":71,"column":1},"end":{"line":71,"column":23}}},"fnMap":{"0":{"name":"(anonymous_1)","decl":{"start":{"line":21,"column":29},"end":{"line":21,"column":30}},"loc":{"start":{"line":21,"column":70},"end":{"line":23,"column":2}}},"1":{"name":"(anonymous_2)","decl":{"start":{"line":24,"column":27},"end":{"line":24,"column":28}},"loc":{"start":{"line":24,"column":57},"end":{"line":26,"column":2}}}},"branchMap":{"0":{"loc":{"start":{"line":49,"column":1},"end":{"line":56,"column":null}},"type":"if","locations":[{"start":{"line":49,"column":1},"end":{"line":56,"column":null}}]}},"s":{"0":1,"1":1,"2":1,"3":0,"4":1,"5":0,"6":1,"7":1,"8":1,"9":1,"10":1},"f":{"0":0,"1":0},"b":{"0":[1]}}
}
