TN:
SF:src\db-init\dbConn.ts
FN:8,(anonymous_8)
FN:8,(anonymous_9)
FN:17,(anonymous_10)
FN:17,(anonymous_11)
FN:20,(anonymous_12)
FN:27,(anonymous_13)
FN:27,(anonymous_14)
FNF:7
FNH:4
FNDA:1,(anonymous_8)
FNDA:1,(anonymous_9)
FNDA:0,(anonymous_10)
FNDA:0,(anonymous_11)
FNDA:0,(anonymous_12)
FNDA:1,(anonymous_13)
FNDA:1,(anonymous_14)
DA:1,1
DA:2,1
DA:3,1
DA:4,1
DA:8,1
DA:9,1
DA:11,1
DA:12,0
DA:15,1
DA:16,1
DA:17,1
DA:18,0
DA:20,1
DA:21,0
DA:27,1
DA:28,1
DA:29,0
DA:32,1
DA:33,1
LF:19
LH:15
BRDA:11,0,0,0
BRDA:28,1,0,0
BRF:2
BRH:0
end_of_record
TN:
SF:src\utils\logger.ts
FN:21,(anonymous_1)
FN:24,(anonymous_2)
FNF:2
FNH:0
FNDA:0,(anonymous_1)
FNDA:0,(anonymous_2)
DA:15,1
DA:18,1
DA:21,1
DA:22,0
DA:24,1
DA:25,0
DA:29,1
DA:49,1
DA:50,1
DA:59,1
DA:71,1
LF:11
LH:9
BRDA:49,0,0,1
BRF:1
BRH:1
end_of_record
